INFO : 2020/10/13 13:41:29.063804 functions.go:26: erro : /Users/qiusnay/project/golang/gocron/cmd/../conf/conf.ini
INFO : 2020/10/13 13:41:29.079475 cron.go:68: 开始初始化定时任务
INFO : 2020/10/13 13:41:30.226541 cron.go:71: Initialize : []
INFO : 2020/10/13 13:41:30.226641 cron.go:78: 定时任务初始化完成
INFO : 2020/10/13 13:42:51.122472 cron.go:84: 收到信号 -- interrupt
INFO : 2020/10/13 13:42:51.122581 cron.go:89: 应用准备退出
INFO : 2020/10/13 14:04:43.346610 functions.go:26: erro : /Users/qiusnay/project/golang/gocron/cmd/../conf/conf.ini
INFO : 2020/10/13 14:04:43.362902 cron.go:68: 开始初始化定时任务
INFO : 2020/10/13 14:04:43.392998 cron.go:71: Initialize : []
INFO : 2020/10/13 14:04:43.393039 cron.go:78: 定时任务初始化完成
INFO : 2020/10/13 14:06:13.363977 db.go:70: database ping sucess
INFO : 2020/10/13 14:07:43.363101 db.go:70: database ping sucess
INFO : 2020/10/13 14:09:13.361828 db.go:70: database ping sucess
INFO : 2020/10/13 14:10:43.356909 db.go:70: database ping sucess
INFO : 2020/10/13 14:12:13.354622 db.go:70: database ping sucess
INFO : 2020/10/13 14:13:43.349256 db.go:70: database ping sucess
INFO : 2020/10/13 14:15:13.345224 db.go:70: database ping sucess
INFO : 2020/10/13 14:16:43.337843 db.go:70: database ping sucess
INFO : 2020/10/13 14:18:13.339691 db.go:70: database ping sucess
INFO : 2020/10/13 14:19:43.334504 db.go:70: database ping sucess
INFO : 2020/10/13 14:21:13.332412 db.go:70: database ping sucess
INFO : 2020/10/13 14:21:38.567260 cron.go:84: 收到信号 -- interrupt
INFO : 2020/10/13 14:21:38.567447 cron.go:89: 应用准备退出
