INFO : 2020/09/24 14:47:07.010869 rpcx.go:64: execute cmd end: [id: 4055 cmd: echo 233333 err: %!s(<nil>), result : 233333
]
INFO : 2020/09/24 14:47:08.013090 rpcx.go:64: execute cmd end: [id: 4055 cmd: echo 233333 err: %!s(<nil>), result : 233333
]
INFO : 2020/09/24 14:47:09.010716 rpcx.go:64: execute cmd end: [id: 4055 cmd: echo 233333 err: %!s(<nil>), result : 233333
]
INFO : 2020/09/24 14:47:10.011900 rpcx.go:64: execute cmd end: [id: 4055 cmd: echo 233333 err: %!s(<nil>), result : 233333
]
INFO : 2020/09/24 14:47:11.010898 rpcx.go:64: execute cmd end: [id: 4055 cmd: echo 233333 err: %!s(<nil>), result : 233333
]
INFO : 2020/09/24 14:47:12.008052 rpcx.go:64: execute cmd end: [id: 4055 cmd: echo 233333 err: %!s(<nil>), result : 233333
]
INFO : 2020/09/24 14:47:13.010700 rpcx.go:64: execute cmd end: [id: 4055 cmd: echo 233333 err: %!s(<nil>), result : 233333
]
INFO : 2020/09/24 14:47:14.008909 rpcx.go:64: execute cmd end: [id: 4055 cmd: echo 233333 err: %!s(<nil>), result : 233333
]
INFO : 2020/09/24 14:47:15.012963 rpcx.go:64: execute cmd end: [id: 4055 cmd: echo 233333 err: %!s(<nil>), result : 233333
]
INFO : 2020/09/24 14:47:16.011842 rpcx.go:64: execute cmd end: [id: 4055 cmd: echo 233333 err: %!s(<nil>), result : 233333
]
INFO : 2020/09/24 14:47:17.016370 rpcx.go:64: execute cmd end: [id: 4055 cmd: echo 233333 err: %!s(<nil>), result : 233333
]
INFO : 2020/09/24 14:47:18.009703 rpcx.go:64: execute cmd end: [id: 4055 cmd: echo 233333 err: %!s(<nil>), result : 233333
]
INFO : 2020/09/24 14:47:19.012262 rpcx.go:64: execute cmd end: [id: 4055 cmd: echo 233333 err: %!s(<nil>), result : 233333
]
INFO : 2020/09/24 14:47:20.008246 rpcx.go:64: execute cmd end: [id: 4055 cmd: echo 233333 err: %!s(<nil>), result : 233333
]
INFO : 2020/09/24 14:47:21.010966 rpcx.go:64: execute cmd end: [id: 4055 cmd: echo 233333 err: %!s(<nil>), result : 233333
]
INFO : 2020/09/24 14:47:22.011633 rpcx.go:64: execute cmd end: [id: 4055 cmd: echo 233333 err: %!s(<nil>), result : 233333
]
INFO : 2020/09/24 14:47:23.011881 rpcx.go:64: execute cmd end: [id: 4055 cmd: echo 233333 err: %!s(<nil>), result : 233333
]
INFO : 2020/09/24 14:47:24.008699 rpcx.go:64: execute cmd end: [id: 4055 cmd: echo 233333 err: %!s(<nil>), result : 233333
]
INFO : 2020/09/24 14:47:25.012769 rpcx.go:64: execute cmd end: [id: 4055 cmd: echo 233333 err: %!s(<nil>), result : 233333
]
INFO : 2020/09/24 14:47:26.012495 rpcx.go:64: execute cmd end: [id: 4055 cmd: echo 233333 err: %!s(<nil>), result : 233333
]
INFO : 2020/09/24 14:47:27.012605 rpcx.go:64: execute cmd end: [id: 4055 cmd: echo 233333 err: %!s(<nil>), result : 233333
]
INFO : 2020/09/24 14:47:28.007815 rpcx.go:64: execute cmd end: [id: 4055 cmd: echo 233333 err: %!s(<nil>), result : 233333
]
INFO : 2020/09/24 14:47:29.007216 rpcx.go:64: execute cmd end: [id: 4055 cmd: echo 233333 err: %!s(<nil>), result : 233333
]
INFO : 2020/09/24 14:47:30.011680 rpcx.go:64: execute cmd end: [id: 4055 cmd: echo 233333 err: %!s(<nil>), result : 233333
]
INFO : 2020/09/24 14:47:31.011895 rpcx.go:64: execute cmd end: [id: 4055 cmd: echo 233333 err: %!s(<nil>), result : 233333
]
INFO : 2020/09/24 14:47:32.010007 rpcx.go:64: execute cmd end: [id: 4055 cmd: echo 233333 err: %!s(<nil>), result : 233333
]
INFO : 2020/09/24 14:47:33.010597 rpcx.go:64: execute cmd end: [id: 4055 cmd: echo 233333 err: %!s(<nil>), result : 233333
]
INFO : 2020/09/24 14:47:34.009163 rpcx.go:64: execute cmd end: [id: 4055 cmd: echo 233333 err: %!s(<nil>), result : 233333
]
INFO : 2020/09/24 14:47:35.008905 rpcx.go:64: execute cmd end: [id: 4055 cmd: echo 233333 err: %!s(<nil>), result : 233333
]
INFO : 2020/09/24 14:47:36.012195 rpcx.go:64: execute cmd end: [id: 4055 cmd: echo 233333 err: %!s(<nil>), result : 233333
]
INFO : 2020/09/24 14:47:37.011181 rpcx.go:64: execute cmd end: [id: 4055 cmd: echo 233333 err: %!s(<nil>), result : 233333
]
INFO : 2020/09/24 14:47:38.013065 rpcx.go:64: execute cmd end: [id: 4055 cmd: echo 233333 err: %!s(<nil>), result : 233333
]
INFO : 2020/09/24 14:47:39.012074 rpcx.go:64: execute cmd end: [id: 4055 cmd: echo 233333 err: %!s(<nil>), result : 233333
]
INFO : 2020/09/24 14:47:40.012822 rpcx.go:64: execute cmd end: [id: 4055 cmd: echo 233333 err: %!s(<nil>), result : 233333
]
INFO : 2020/09/24 14:47:41.010350 rpcx.go:64: execute cmd end: [id: 4055 cmd: echo 233333 err: %!s(<nil>), result : 233333
]
INFO : 2020/09/24 14:47:42.010504 rpcx.go:64: execute cmd end: [id: 4055 cmd: echo 233333 err: %!s(<nil>), result : 233333
]
INFO : 2020/09/24 14:47:43.010576 rpcx.go:64: execute cmd end: [id: 4055 cmd: echo 233333 err: %!s(<nil>), result : 233333
]
INFO : 2020/09/24 14:47:44.010229 rpcx.go:64: execute cmd end: [id: 4055 cmd: echo 233333 err: %!s(<nil>), result : 233333
]
INFO : 2020/09/24 14:47:45.009979 rpcx.go:64: execute cmd end: [id: 4055 cmd: echo 233333 err: %!s(<nil>), result : 233333
]
INFO : 2020/09/24 14:47:46.010517 rpcx.go:64: execute cmd end: [id: 4055 cmd: echo 233333 err: %!s(<nil>), result : 233333
]
INFO : 2020/09/24 14:47:47.010473 rpcx.go:64: execute cmd end: [id: 4055 cmd: echo 233333 err: %!s(<nil>), result : 233333
]
INFO : 2020/09/24 14:47:48.009431 rpcx.go:64: execute cmd end: [id: 4055 cmd: echo 233333 err: %!s(<nil>), result : 233333
]
INFO : 2020/09/24 14:47:49.009974 rpcx.go:64: execute cmd end: [id: 4055 cmd: echo 233333 err: %!s(<nil>), result : 233333
]
INFO : 2020/09/24 14:47:50.007261 rpcx.go:64: execute cmd end: [id: 4055 cmd: echo 233333 err: %!s(<nil>), result : 233333
]
INFO : 2020/09/24 14:47:51.011695 rpcx.go:64: execute cmd end: [id: 4055 cmd: echo 233333 err: %!s(<nil>), result : 233333
]
INFO : 2020/09/24 14:47:52.008485 rpcx.go:64: execute cmd end: [id: 4055 cmd: echo 233333 err: %!s(<nil>), result : 233333
]
INFO : 2020/09/24 14:47:53.012780 rpcx.go:64: execute cmd end: [id: 4055 cmd: echo 233333 err: %!s(<nil>), result : 233333
]
INFO : 2020/09/24 14:47:54.012340 rpcx.go:64: execute cmd end: [id: 4055 cmd: echo 233333 err: %!s(<nil>), result : 233333
]
INFO : 2020/09/24 14:47:55.009703 rpcx.go:64: execute cmd end: [id: 4055 cmd: echo 233333 err: %!s(<nil>), result : 233333
]
INFO : 2020/09/24 14:47:56.009534 rpcx.go:64: execute cmd end: [id: 4055 cmd: echo 233333 err: %!s(<nil>), result : 233333
]
INFO : 2020/09/24 14:47:57.011230 rpcx.go:64: execute cmd end: [id: 4055 cmd: echo 233333 err: %!s(<nil>), result : 233333
]
INFO : 2020/09/24 14:47:58.532692 rpcx.go:64: execute cmd end: [id: 4055 cmd: echo 233333 err: %!s(<nil>), result : 233333
]
INFO : 2020/09/24 14:47:59.010139 rpcx.go:64: execute cmd end: [id: 4055 cmd: echo 233333 err: %!s(<nil>), result : 233333
]
INFO : 2020/09/24 14:48:00.011210 rpcx.go:64: execute cmd end: [id: 4055 cmd: echo 233333 err: %!s(<nil>), result : 233333
]
INFO : 2020/09/24 14:48:01.010350 rpcx.go:64: execute cmd end: [id: 4055 cmd: echo 233333 err: %!s(<nil>), result : 233333
]
INFO : 2020/09/24 14:48:02.012152 rpcx.go:64: execute cmd end: [id: 4055 cmd: echo 233333 err: %!s(<nil>), result : 233333
]
INFO : 2020/09/24 14:48:03.011932 rpcx.go:64: execute cmd end: [id: 4055 cmd: echo 233333 err: %!s(<nil>), result : 233333
]
INFO : 2020/09/24 14:48:04.012582 rpcx.go:64: execute cmd end: [id: 4055 cmd: echo 233333 err: %!s(<nil>), result : 233333
]
INFO : 2020/09/24 14:48:05.011863 rpcx.go:64: execute cmd end: [id: 4055 cmd: echo 233333 err: %!s(<nil>), result : 233333
]
INFO : 2020/09/24 14:48:06.010223 rpcx.go:64: execute cmd end: [id: 4055 cmd: echo 233333 err: %!s(<nil>), result : 233333
]
INFO : 2020/09/24 14:48:07.010778 rpcx.go:64: execute cmd end: [id: 4055 cmd: echo 233333 err: %!s(<nil>), result : 233333
]
INFO : 2020/09/24 14:48:40.012957 rpcx.go:64: execute cmd end: [id: 4055 cmd: echo 233333 err: %!s(<nil>), result : 233333
]
INFO : 2020/09/24 14:48:41.013321 rpcx.go:64: execute cmd end: [id: 4055 cmd: echo 233333 err: %!s(<nil>), result : 233333
]
INFO : 2020/09/24 14:48:42.012182 rpcx.go:64: execute cmd end: [id: 4055 cmd: echo 233333 err: %!s(<nil>), result : 233333
]
INFO : 2020/09/24 14:48:43.012529 rpcx.go:64: execute cmd end: [id: 4055 cmd: echo 233333 err: %!s(<nil>), result : 233333
]
INFO : 2020/09/24 14:48:44.012447 rpcx.go:64: execute cmd end: [id: 4055 cmd: echo 233333 err: %!s(<nil>), result : 233333
]
INFO : 2020/09/24 14:48:45.012295 rpcx.go:64: execute cmd end: [id: 4055 cmd: echo 233333 err: %!s(<nil>), result : 233333
]
INFO : 2020/09/24 14:48:46.012392 rpcx.go:64: execute cmd end: [id: 4055 cmd: echo 233333 err: %!s(<nil>), result : 233333
]
INFO : 2020/09/24 14:48:47.012381 rpcx.go:64: execute cmd end: [id: 4055 cmd: echo 233333 err: %!s(<nil>), result : 233333
]
INFO : 2020/09/24 14:48:48.012156 rpcx.go:64: execute cmd end: [id: 4055 cmd: echo 233333 err: %!s(<nil>), result : 233333
]
INFO : 2020/09/24 14:48:49.012309 rpcx.go:64: execute cmd end: [id: 4055 cmd: echo 233333 err: %!s(<nil>), result : 233333
]
INFO : 2020/09/24 14:48:50.011846 rpcx.go:64: execute cmd end: [id: 4055 cmd: echo 233333 err: %!s(<nil>), result : 233333
]
INFO : 2020/09/24 14:48:51.012308 rpcx.go:64: execute cmd end: [id: 4055 cmd: echo 233333 err: %!s(<nil>), result : 233333
]
INFO : 2020/09/24 14:48:52.011929 rpcx.go:64: execute cmd end: [id: 4055 cmd: echo 233333 err: %!s(<nil>), result : 233333
]
INFO : 2020/09/24 14:48:53.011776 rpcx.go:64: execute cmd end: [id: 4055 cmd: echo 233333 err: %!s(<nil>), result : 233333
]
INFO : 2020/09/24 14:48:54.012266 rpcx.go:64: execute cmd end: [id: 4055 cmd: echo 233333 err: %!s(<nil>), result : 233333
]
INFO : 2020/09/24 14:48:55.011850 rpcx.go:64: execute cmd end: [id: 4055 cmd: echo 233333 err: %!s(<nil>), result : 233333
]
INFO : 2020/09/24 14:48:56.011324 rpcx.go:64: execute cmd end: [id: 4055 cmd: echo 233333 err: %!s(<nil>), result : 233333
]
INFO : 2020/09/24 14:48:57.012940 rpcx.go:64: execute cmd end: [id: 4055 cmd: echo 233333 err: %!s(<nil>), result : 233333
]
INFO : 2020/09/24 14:48:58.011449 rpcx.go:64: execute cmd end: [id: 4055 cmd: echo 233333 err: %!s(<nil>), result : 233333
]
INFO : 2020/09/24 14:48:59.011692 rpcx.go:64: execute cmd end: [id: 4055 cmd: echo 233333 err: %!s(<nil>), result : 233333
]
INFO : 2020/09/24 14:49:00.012030 rpcx.go:64: execute cmd end: [id: 4055 cmd: echo 233333 err: %!s(<nil>), result : 233333
]
INFO : 2020/09/24 14:49:01.013020 rpcx.go:64: execute cmd end: [id: 4055 cmd: echo 233333 err: %!s(<nil>), result : 233333
]
INFO : 2020/09/24 14:49:02.010511 rpcx.go:64: execute cmd end: [id: 4055 cmd: echo 233333 err: %!s(<nil>), result : 233333
]
INFO : 2020/09/24 14:49:03.011930 rpcx.go:64: execute cmd end: [id: 4055 cmd: echo 233333 err: %!s(<nil>), result : 233333
]
INFO : 2020/09/24 14:49:04.011754 rpcx.go:64: execute cmd end: [id: 4055 cmd: echo 233333 err: %!s(<nil>), result : 233333
]
INFO : 2020/09/24 14:49:05.011764 rpcx.go:64: execute cmd end: [id: 4055 cmd: echo 233333 err: %!s(<nil>), result : 233333
]
INFO : 2020/09/24 14:49:06.013091 rpcx.go:64: execute cmd end: [id: 4055 cmd: echo 233333 err: %!s(<nil>), result : 233333
]
INFO : 2020/09/24 14:49:07.012043 rpcx.go:64: execute cmd end: [id: 4055 cmd: echo 233333 err: %!s(<nil>), result : 233333
]
INFO : 2020/09/24 14:49:08.011804 rpcx.go:64: execute cmd end: [id: 4055 cmd: echo 233333 err: %!s(<nil>), result : 233333
]
INFO : 2020/09/24 14:49:09.011103 rpcx.go:64: execute cmd end: [id: 4055 cmd: echo 233333 err: %!s(<nil>), result : 233333
]
INFO : 2020/09/24 14:49:10.011265 rpcx.go:64: execute cmd end: [id: 4055 cmd: echo 233333 err: %!s(<nil>), result : 233333
]
INFO : 2020/09/24 14:49:11.010974 rpcx.go:64: execute cmd end: [id: 4055 cmd: echo 233333 err: %!s(<nil>), result : 233333
]
INFO : 2020/09/24 14:49:12.009135 rpcx.go:64: execute cmd end: [id: 4055 cmd: echo 233333 err: %!s(<nil>), result : 233333
]
INFO : 2020/09/24 14:49:13.010790 rpcx.go:64: execute cmd end: [id: 4055 cmd: echo 233333 err: %!s(<nil>), result : 233333
]
INFO : 2020/09/24 14:49:14.011944 rpcx.go:64: execute cmd end: [id: 4055 cmd: echo 233333 err: %!s(<nil>), result : 233333
]
INFO : 2020/09/24 14:49:15.011838 rpcx.go:64: execute cmd end: [id: 4055 cmd: echo 233333 err: %!s(<nil>), result : 233333
]
INFO : 2020/09/24 14:49:16.011658 rpcx.go:64: execute cmd end: [id: 4055 cmd: echo 233333 err: %!s(<nil>), result : 233333
]
INFO : 2020/09/24 14:49:17.013100 rpcx.go:64: execute cmd end: [id: 4055 cmd: echo 233333 err: %!s(<nil>), result : 233333
]
INFO : 2020/09/24 14:49:18.012167 rpcx.go:64: execute cmd end: [id: 4055 cmd: echo 233333 err: %!s(<nil>), result : 233333
]
INFO : 2020/09/24 14:49:19.009485 rpcx.go:64: execute cmd end: [id: 4055 cmd: echo 233333 err: %!s(<nil>), result : 233333
]
INFO : 2020/09/24 14:49:20.011041 rpcx.go:64: execute cmd end: [id: 4055 cmd: echo 233333 err: %!s(<nil>), result : 233333
]
INFO : 2020/09/24 14:49:21.012318 rpcx.go:64: execute cmd end: [id: 4055 cmd: echo 233333 err: %!s(<nil>), result : 233333
]
INFO : 2020/09/24 14:49:22.012185 rpcx.go:64: execute cmd end: [id: 4055 cmd: echo 233333 err: %!s(<nil>), result : 233333
]
INFO : 2020/09/24 14:49:23.011890 rpcx.go:64: execute cmd end: [id: 4055 cmd: echo 233333 err: %!s(<nil>), result : 233333
]
INFO : 2020/09/24 14:49:24.009948 rpcx.go:64: execute cmd end: [id: 4055 cmd: echo 233333 err: %!s(<nil>), result : 233333
]
INFO : 2020/09/24 14:49:25.009938 rpcx.go:64: execute cmd end: [id: 4055 cmd: echo 233333 err: %!s(<nil>), result : 233333
]
INFO : 2020/09/24 14:49:26.011423 rpcx.go:64: execute cmd end: [id: 4055 cmd: echo 233333 err: %!s(<nil>), result : 233333
]
INFO : 2020/09/24 14:49:27.012050 rpcx.go:64: execute cmd end: [id: 4055 cmd: echo 233333 err: %!s(<nil>), result : 233333
]
INFO : 2020/09/24 14:49:28.011716 rpcx.go:64: execute cmd end: [id: 4055 cmd: echo 233333 err: %!s(<nil>), result : 233333
]
INFO : 2020/09/24 14:49:29.011663 rpcx.go:64: execute cmd end: [id: 4055 cmd: echo 233333 err: %!s(<nil>), result : 233333
]
INFO : 2020/09/24 14:49:30.011601 rpcx.go:64: execute cmd end: [id: 4055 cmd: echo 233333 err: %!s(<nil>), result : 233333
]
INFO : 2020/09/24 14:49:31.011764 rpcx.go:64: execute cmd end: [id: 4055 cmd: echo 233333 err: %!s(<nil>), result : 233333
]
INFO : 2020/09/24 14:49:32.012479 rpcx.go:64: execute cmd end: [id: 4055 cmd: echo 233333 err: %!s(<nil>), result : 233333
]
INFO : 2020/09/24 14:49:33.012005 rpcx.go:64: execute cmd end: [id: 4055 cmd: echo 233333 err: %!s(<nil>), result : 233333
]
INFO : 2020/09/24 14:49:34.012500 rpcx.go:64: execute cmd end: [id: 4055 cmd: echo 233333 err: %!s(<nil>), result : 233333
]
INFO : 2020/09/24 14:49:35.010934 rpcx.go:64: execute cmd end: [id: 4055 cmd: echo 233333 err: %!s(<nil>), result : 233333
]
INFO : 2020/09/24 14:49:36.011984 rpcx.go:64: execute cmd end: [id: 4055 cmd: echo 233333 err: %!s(<nil>), result : 233333
]
INFO : 2020/09/24 14:49:37.012261 rpcx.go:64: execute cmd end: [id: 4055 cmd: echo 233333 err: %!s(<nil>), result : 233333
]
INFO : 2020/09/24 14:49:38.009089 rpcx.go:64: execute cmd end: [id: 4055 cmd: echo 233333 err: %!s(<nil>), result : 233333
]
INFO : 2020/09/24 14:49:39.012249 rpcx.go:64: execute cmd end: [id: 4055 cmd: echo 233333 err: %!s(<nil>), result : 233333
]
INFO : 2020/09/24 14:49:40.013002 rpcx.go:64: execute cmd end: [id: 4055 cmd: echo 233333 err: %!s(<nil>), result : 233333
]
INFO : 2020/09/24 14:49:41.011222 rpcx.go:64: execute cmd end: [id: 4055 cmd: echo 233333 err: %!s(<nil>), result : 233333
]
INFO : 2020/09/24 14:49:42.012616 rpcx.go:64: execute cmd end: [id: 4055 cmd: echo 233333 err: %!s(<nil>), result : 233333
]
INFO : 2020/09/24 14:49:43.012368 rpcx.go:64: execute cmd end: [id: 4055 cmd: echo 233333 err: %!s(<nil>), result : 233333
]
INFO : 2020/09/24 14:49:44.011590 rpcx.go:64: execute cmd end: [id: 4055 cmd: echo 233333 err: %!s(<nil>), result : 233333
]
INFO : 2020/09/24 14:49:45.012944 rpcx.go:64: execute cmd end: [id: 4055 cmd: echo 233333 err: %!s(<nil>), result : 233333
]
INFO : 2020/09/24 14:49:46.009679 rpcx.go:64: execute cmd end: [id: 4055 cmd: echo 233333 err: %!s(<nil>), result : 233333
]
INFO : 2020/09/24 14:49:47.010204 rpcx.go:64: execute cmd end: [id: 4055 cmd: echo 233333 err: %!s(<nil>), result : 233333
]
INFO : 2020/09/24 14:49:48.009594 rpcx.go:64: execute cmd end: [id: 4055 cmd: echo 233333 err: %!s(<nil>), result : 233333
]
INFO : 2020/09/24 14:49:49.012180 rpcx.go:64: execute cmd end: [id: 4055 cmd: echo 233333 err: %!s(<nil>), result : 233333
]
INFO : 2020/09/24 14:49:50.012919 rpcx.go:64: execute cmd end: [id: 4055 cmd: echo 233333 err: %!s(<nil>), result : 233333
]
INFO : 2020/09/24 14:49:51.012727 rpcx.go:64: execute cmd end: [id: 4055 cmd: echo 233333 err: %!s(<nil>), result : 233333
]
INFO : 2020/09/24 14:49:52.010058 rpcx.go:64: execute cmd end: [id: 4055 cmd: echo 233333 err: %!s(<nil>), result : 233333
]
INFO : 2020/09/24 14:49:53.013370 rpcx.go:64: execute cmd end: [id: 4055 cmd: echo 233333 err: %!s(<nil>), result : 233333
]
INFO : 2020/09/24 14:49:54.011748 rpcx.go:64: execute cmd end: [id: 4055 cmd: echo 233333 err: %!s(<nil>), result : 233333
]
INFO : 2020/09/24 14:49:55.009626 rpcx.go:64: execute cmd end: [id: 4055 cmd: echo 233333 err: %!s(<nil>), result : 233333
]
INFO : 2020/09/24 14:49:56.010602 rpcx.go:64: execute cmd end: [id: 4055 cmd: echo 233333 err: %!s(<nil>), result : 233333
]
INFO : 2020/09/24 14:49:57.011752 rpcx.go:64: execute cmd end: [id: 4055 cmd: echo 233333 err: %!s(<nil>), result : 233333
]
INFO : 2020/09/24 14:49:58.011315 rpcx.go:64: execute cmd end: [id: 4055 cmd: echo 233333 err: %!s(<nil>), result : 233333
]
INFO : 2020/09/24 14:49:59.009595 rpcx.go:64: execute cmd end: [id: 4055 cmd: echo 233333 err: %!s(<nil>), result : 233333
]
INFO : 2020/09/24 14:50:00.011107 rpcx.go:64: execute cmd end: [id: 4055 cmd: echo 233333 err: %!s(<nil>), result : 233333
]
INFO : 2020/09/24 14:50:01.010068 rpcx.go:64: execute cmd end: [id: 4055 cmd: echo 233333 err: %!s(<nil>), result : 233333
]
INFO : 2020/09/24 14:50:02.013394 rpcx.go:64: execute cmd end: [id: 4055 cmd: echo 233333 err: %!s(<nil>), result : 233333
]
INFO : 2020/09/24 14:50:03.011672 rpcx.go:64: execute cmd end: [id: 4055 cmd: echo 233333 err: %!s(<nil>), result : 233333
]
INFO : 2020/09/24 14:50:04.011782 rpcx.go:64: execute cmd end: [id: 4055 cmd: echo 233333 err: %!s(<nil>), result : 233333
]
INFO : 2020/09/24 14:50:05.009084 rpcx.go:64: execute cmd end: [id: 4055 cmd: echo 233333 err: %!s(<nil>), result : 233333
]
INFO : 2020/09/24 14:50:06.012772 rpcx.go:64: execute cmd end: [id: 4055 cmd: echo 233333 err: %!s(<nil>), result : 233333
]
INFO : 2020/09/24 14:50:07.011893 rpcx.go:64: execute cmd end: [id: 4055 cmd: echo 233333 err: %!s(<nil>), result : 233333
]
INFO : 2020/09/24 14:50:08.012019 rpcx.go:64: execute cmd end: [id: 4055 cmd: echo 233333 err: %!s(<nil>), result : 233333
]
INFO : 2020/09/24 14:50:09.010339 rpcx.go:64: execute cmd end: [id: 4055 cmd: echo 233333 err: %!s(<nil>), result : 233333
]
INFO : 2020/09/24 14:50:10.010319 rpcx.go:64: execute cmd end: [id: 4055 cmd: echo 233333 err: %!s(<nil>), result : 233333
]
INFO : 2020/09/24 14:50:11.010588 rpcx.go:64: execute cmd end: [id: 4055 cmd: echo 233333 err: %!s(<nil>), result : 233333
]
INFO : 2020/09/24 14:50:12.010591 rpcx.go:64: execute cmd end: [id: 4055 cmd: echo 233333 err: %!s(<nil>), result : 233333
]
INFO : 2020/09/24 14:50:13.010685 rpcx.go:64: execute cmd end: [id: 4055 cmd: echo 233333 err: %!s(<nil>), result : 233333
]
INFO : 2020/09/24 14:50:14.009618 rpcx.go:64: execute cmd end: [id: 4055 cmd: echo 233333 err: %!s(<nil>), result : 233333
]
INFO : 2020/09/24 14:50:15.011017 rpcx.go:64: execute cmd end: [id: 4055 cmd: echo 233333 err: %!s(<nil>), result : 233333
]
INFO : 2020/09/24 14:50:16.009851 rpcx.go:64: execute cmd end: [id: 4055 cmd: echo 233333 err: %!s(<nil>), result : 233333
]
INFO : 2020/09/24 14:50:17.009955 rpcx.go:64: execute cmd end: [id: 4055 cmd: echo 233333 err: %!s(<nil>), result : 233333
]
INFO : 2020/09/24 14:50:18.010270 rpcx.go:64: execute cmd end: [id: 4055 cmd: echo 233333 err: %!s(<nil>), result : 233333
]
INFO : 2020/09/24 14:50:19.009224 rpcx.go:64: execute cmd end: [id: 4055 cmd: echo 233333 err: %!s(<nil>), result : 233333
]
INFO : 2020/09/24 14:50:20.012340 rpcx.go:64: execute cmd end: [id: 4055 cmd: echo 233333 err: %!s(<nil>), result : 233333
]
INFO : 2020/09/24 14:50:21.008908 rpcx.go:64: execute cmd end: [id: 4055 cmd: echo 233333 err: %!s(<nil>), result : 233333
]
INFO : 2020/09/24 14:50:21.188247 rpcx.go:43: 收到信号 -- interrupt
INFO : 2020/09/24 14:50:21.188368 rpcx.go:48: 应用准备退出
INFO : 2020/09/24 14:51:25.012269 rpcx.go:63: execute cmd end: [id: 4055 cmd: echo 233333 err: %!s(<nil>), result : 233333
]
INFO : 2020/09/24 14:51:26.011698 rpcx.go:63: execute cmd end: [id: 4055 cmd: echo 233333 err: %!s(<nil>), result : 233333
]
INFO : 2020/09/24 14:51:27.012535 rpcx.go:63: execute cmd end: [id: 4055 cmd: echo 233333 err: %!s(<nil>), result : 233333
]
INFO : 2020/09/24 14:51:28.009283 rpcx.go:63: execute cmd end: [id: 4055 cmd: echo 233333 err: %!s(<nil>), result : 233333
]
INFO : 2020/09/24 14:51:29.011997 rpcx.go:63: execute cmd end: [id: 4055 cmd: echo 233333 err: %!s(<nil>), result : 233333
]
INFO : 2020/09/24 14:51:30.010722 rpcx.go:63: execute cmd end: [id: 4055 cmd: echo 233333 err: %!s(<nil>), result : 233333
]
INFO : 2020/09/24 14:51:31.011842 rpcx.go:63: execute cmd end: [id: 4055 cmd: echo 233333 err: %!s(<nil>), result : 233333
]
INFO : 2020/09/24 14:51:32.012567 rpcx.go:63: execute cmd end: [id: 4055 cmd: echo 233333 err: %!s(<nil>), result : 233333
]
INFO : 2020/09/24 14:51:33.012418 rpcx.go:63: execute cmd end: [id: 4055 cmd: echo 233333 err: %!s(<nil>), result : 233333
]
INFO : 2020/09/24 14:51:34.011827 rpcx.go:63: execute cmd end: [id: 4055 cmd: echo 233333 err: %!s(<nil>), result : 233333
]
INFO : 2020/09/24 14:51:35.009405 rpcx.go:63: execute cmd end: [id: 4055 cmd: echo 233333 err: %!s(<nil>), result : 233333
]
INFO : 2020/09/24 14:51:36.011544 rpcx.go:63: execute cmd end: [id: 4055 cmd: echo 233333 err: %!s(<nil>), result : 233333
]
INFO : 2020/09/24 14:51:37.010792 rpcx.go:63: execute cmd end: [id: 4055 cmd: echo 233333 err: %!s(<nil>), result : 233333
]
INFO : 2020/09/24 14:51:38.012050 rpcx.go:63: execute cmd end: [id: 4055 cmd: echo 233333 err: %!s(<nil>), result : 233333
]
INFO : 2020/09/24 14:51:39.010407 rpcx.go:63: execute cmd end: [id: 4055 cmd: echo 233333 err: %!s(<nil>), result : 233333
]
INFO : 2020/09/24 14:51:40.010901 rpcx.go:63: execute cmd end: [id: 4055 cmd: echo 233333 err: %!s(<nil>), result : 233333
]
INFO : 2020/09/24 14:51:41.012938 rpcx.go:63: execute cmd end: [id: 4055 cmd: echo 233333 err: %!s(<nil>), result : 233333
]
INFO : 2020/09/24 14:51:42.009510 rpcx.go:63: execute cmd end: [id: 4055 cmd: echo 233333 err: %!s(<nil>), result : 233333
]
INFO : 2020/09/24 14:51:43.011158 rpcx.go:63: execute cmd end: [id: 4055 cmd: echo 233333 err: %!s(<nil>), result : 233333
]
INFO : 2020/09/24 14:51:44.011833 rpcx.go:63: execute cmd end: [id: 4055 cmd: echo 233333 err: %!s(<nil>), result : 233333
]
INFO : 2020/09/24 14:51:45.012117 rpcx.go:63: execute cmd end: [id: 4055 cmd: echo 233333 err: %!s(<nil>), result : 233333
]
INFO : 2020/09/24 14:51:46.010938 rpcx.go:63: execute cmd end: [id: 4055 cmd: echo 233333 err: %!s(<nil>), result : 233333
]
INFO : 2020/09/24 14:51:47.012443 rpcx.go:63: execute cmd end: [id: 4055 cmd: echo 233333 err: %!s(<nil>), result : 233333
]
INFO : 2020/09/24 14:51:48.011107 rpcx.go:63: execute cmd end: [id: 4055 cmd: echo 233333 err: %!s(<nil>), result : 233333
]
INFO : 2020/09/24 14:51:49.010942 rpcx.go:63: execute cmd end: [id: 4055 cmd: echo 233333 err: %!s(<nil>), result : 233333
]
INFO : 2020/09/24 14:51:50.010540 rpcx.go:63: execute cmd end: [id: 4055 cmd: echo 233333 err: %!s(<nil>), result : 233333
]
INFO : 2020/09/24 14:51:51.011542 rpcx.go:63: execute cmd end: [id: 4055 cmd: echo 233333 err: %!s(<nil>), result : 233333
]
INFO : 2020/09/24 14:51:52.012226 rpcx.go:63: execute cmd end: [id: 4055 cmd: echo 233333 err: %!s(<nil>), result : 233333
]
INFO : 2020/09/24 14:51:53.011855 rpcx.go:63: execute cmd end: [id: 4055 cmd: echo 233333 err: %!s(<nil>), result : 233333
]
INFO : 2020/09/24 14:51:54.012433 rpcx.go:63: execute cmd end: [id: 4055 cmd: echo 233333 err: %!s(<nil>), result : 233333
]
INFO : 2020/09/24 14:51:55.012264 rpcx.go:63: execute cmd end: [id: 4055 cmd: echo 233333 err: %!s(<nil>), result : 233333
]
INFO : 2020/09/24 14:51:56.011712 rpcx.go:63: execute cmd end: [id: 4055 cmd: echo 233333 err: %!s(<nil>), result : 233333
]
INFO : 2020/09/24 14:51:57.012514 rpcx.go:63: execute cmd end: [id: 4055 cmd: echo 233333 err: %!s(<nil>), result : 233333
]
INFO : 2020/09/24 14:51:58.011120 rpcx.go:63: execute cmd end: [id: 4055 cmd: echo 233333 err: %!s(<nil>), result : 233333
]
INFO : 2020/09/24 14:51:59.012221 rpcx.go:63: execute cmd end: [id: 4055 cmd: echo 233333 err: %!s(<nil>), result : 233333
]
INFO : 2020/09/24 14:52:00.009566 rpcx.go:63: execute cmd end: [id: 4055 cmd: echo 233333 err: %!s(<nil>), result : 233333
]
INFO : 2020/09/24 14:52:01.011674 rpcx.go:63: execute cmd end: [id: 4055 cmd: echo 233333 err: %!s(<nil>), result : 233333
]
INFO : 2020/09/24 14:52:02.012357 rpcx.go:63: execute cmd end: [id: 4055 cmd: echo 233333 err: %!s(<nil>), result : 233333
]
INFO : 2020/09/24 14:52:03.011689 rpcx.go:63: execute cmd end: [id: 4055 cmd: echo 233333 err: %!s(<nil>), result : 233333
]
INFO : 2020/09/24 14:52:04.012311 rpcx.go:63: execute cmd end: [id: 4055 cmd: echo 233333 err: %!s(<nil>), result : 233333
]
INFO : 2020/09/24 14:52:05.011599 rpcx.go:63: execute cmd end: [id: 4055 cmd: echo 233333 err: %!s(<nil>), result : 233333
]
INFO : 2020/09/24 14:52:06.011759 rpcx.go:63: execute cmd end: [id: 4055 cmd: echo 233333 err: %!s(<nil>), result : 233333
]
INFO : 2020/09/24 14:52:07.010669 rpcx.go:63: execute cmd end: [id: 4055 cmd: echo 233333 err: %!s(<nil>), result : 233333
]
INFO : 2020/09/24 14:52:08.011593 rpcx.go:63: execute cmd end: [id: 4055 cmd: echo 233333 err: %!s(<nil>), result : 233333
]
INFO : 2020/09/24 14:52:09.009874 rpcx.go:63: execute cmd end: [id: 4055 cmd: echo 233333 err: %!s(<nil>), result : 233333
]
INFO : 2020/09/24 14:52:10.011722 rpcx.go:63: execute cmd end: [id: 4055 cmd: echo 233333 err: %!s(<nil>), result : 233333
]
INFO : 2020/09/24 14:52:11.012195 rpcx.go:63: execute cmd end: [id: 4055 cmd: echo 233333 err: %!s(<nil>), result : 233333
]
INFO : 2020/09/24 14:52:12.009832 rpcx.go:63: execute cmd end: [id: 4055 cmd: echo 233333 err: %!s(<nil>), result : 233333
]
INFO : 2020/09/24 14:52:17.012090 rpcx.go:63: execute cmd end: [id: 4055 cmd: echo 233333 err: %!s(<nil>), result : 233333
]
INFO : 2020/09/24 14:52:18.013106 rpcx.go:63: execute cmd end: [id: 4055 cmd: echo 233333 err: %!s(<nil>), result : 233333
]
INFO : 2020/09/24 14:52:19.012669 rpcx.go:63: execute cmd end: [id: 4055 cmd: echo 233333 err: %!s(<nil>), result : 233333
]
INFO : 2020/09/24 14:52:20.011808 rpcx.go:63: execute cmd end: [id: 4055 cmd: echo 233333 err: %!s(<nil>), result : 233333
]
INFO : 2020/09/24 14:52:21.011606 rpcx.go:63: execute cmd end: [id: 4055 cmd: echo 233333 err: %!s(<nil>), result : 233333
]
INFO : 2020/09/24 14:52:22.010316 rpcx.go:63: execute cmd end: [id: 4055 cmd: echo 233333 err: %!s(<nil>), result : 233333
]
INFO : 2020/09/24 14:52:23.013116 rpcx.go:63: execute cmd end: [id: 4055 cmd: echo 233333 err: %!s(<nil>), result : 233333
]
INFO : 2020/09/24 14:52:24.013172 rpcx.go:63: execute cmd end: [id: 4055 cmd: echo 233333 err: %!s(<nil>), result : 233333
]
INFO : 2020/09/24 14:52:25.013665 rpcx.go:63: execute cmd end: [id: 4055 cmd: echo 233333 err: %!s(<nil>), result : 233333
]
INFO : 2020/09/24 14:52:26.011903 rpcx.go:63: execute cmd end: [id: 4055 cmd: echo 233333 err: %!s(<nil>), result : 233333
]
INFO : 2020/09/24 14:52:27.010323 rpcx.go:63: execute cmd end: [id: 4055 cmd: echo 233333 err: %!s(<nil>), result : 233333
]
INFO : 2020/09/24 14:52:28.012720 rpcx.go:63: execute cmd end: [id: 4055 cmd: echo 233333 err: %!s(<nil>), result : 233333
]
INFO : 2020/09/24 14:52:29.012991 rpcx.go:63: execute cmd end: [id: 4055 cmd: echo 233333 err: %!s(<nil>), result : 233333
]
INFO : 2020/09/24 14:52:30.013191 rpcx.go:63: execute cmd end: [id: 4055 cmd: echo 233333 err: %!s(<nil>), result : 233333
]
INFO : 2020/09/24 14:52:31.012541 rpcx.go:63: execute cmd end: [id: 4055 cmd: echo 233333 err: %!s(<nil>), result : 233333
]
INFO : 2020/09/24 14:52:32.012844 rpcx.go:63: execute cmd end: [id: 4055 cmd: echo 233333 err: %!s(<nil>), result : 233333
]
INFO : 2020/09/24 14:52:33.012648 rpcx.go:63: execute cmd end: [id: 4055 cmd: echo 233333 err: %!s(<nil>), result : 233333
]
INFO : 2020/09/24 14:52:34.011838 rpcx.go:63: execute cmd end: [id: 4055 cmd: echo 233333 err: %!s(<nil>), result : 233333
]
INFO : 2020/09/24 14:52:35.010378 rpcx.go:63: execute cmd end: [id: 4055 cmd: echo 233333 err: %!s(<nil>), result : 233333
]
INFO : 2020/09/24 14:52:36.010963 rpcx.go:63: execute cmd end: [id: 4055 cmd: echo 233333 err: %!s(<nil>), result : 233333
]
INFO : 2020/09/24 14:52:37.012597 rpcx.go:63: execute cmd end: [id: 4055 cmd: echo 233333 err: %!s(<nil>), result : 233333
]
INFO : 2020/09/24 14:52:38.012230 rpcx.go:63: execute cmd end: [id: 4055 cmd: echo 233333 err: %!s(<nil>), result : 233333
]
INFO : 2020/09/24 14:52:39.010705 rpcx.go:63: execute cmd end: [id: 4055 cmd: echo 233333 err: %!s(<nil>), result : 233333
]
INFO : 2020/09/24 14:52:40.010672 rpcx.go:63: execute cmd end: [id: 4055 cmd: echo 233333 err: %!s(<nil>), result : 233333
]
INFO : 2020/09/24 14:52:41.010854 rpcx.go:63: execute cmd end: [id: 4055 cmd: echo 233333 err: %!s(<nil>), result : 233333
]
INFO : 2020/09/24 14:52:42.011562 rpcx.go:63: execute cmd end: [id: 4055 cmd: echo 233333 err: %!s(<nil>), result : 233333
]
INFO : 2020/09/24 14:52:43.010389 rpcx.go:63: execute cmd end: [id: 4055 cmd: echo 233333 err: %!s(<nil>), result : 233333
]
INFO : 2020/09/24 14:52:44.010533 rpcx.go:63: execute cmd end: [id: 4055 cmd: echo 233333 err: %!s(<nil>), result : 233333
]
INFO : 2020/09/24 14:52:45.010870 rpcx.go:63: execute cmd end: [id: 4055 cmd: echo 233333 err: %!s(<nil>), result : 233333
]
INFO : 2020/09/24 14:52:46.013017 rpcx.go:63: execute cmd end: [id: 4055 cmd: echo 233333 err: %!s(<nil>), result : 233333
]
INFO : 2020/09/24 14:52:47.011313 rpcx.go:63: execute cmd end: [id: 4055 cmd: echo 233333 err: %!s(<nil>), result : 233333
]
INFO : 2020/09/24 14:52:48.012770 rpcx.go:63: execute cmd end: [id: 4055 cmd: echo 233333 err: %!s(<nil>), result : 233333
]
INFO : 2020/09/24 14:52:49.011496 rpcx.go:63: execute cmd end: [id: 4055 cmd: echo 233333 err: %!s(<nil>), result : 233333
]
INFO : 2020/09/24 14:52:50.014534 rpcx.go:63: execute cmd end: [id: 4055 cmd: echo 233333 err: %!s(<nil>), result : 233333
]
INFO : 2020/09/24 14:52:51.009964 rpcx.go:63: execute cmd end: [id: 4055 cmd: echo 233333 err: %!s(<nil>), result : 233333
]
INFO : 2020/09/24 14:52:52.012641 rpcx.go:63: execute cmd end: [id: 4055 cmd: echo 233333 err: %!s(<nil>), result : 233333
]
INFO : 2020/09/24 14:52:53.011533 rpcx.go:63: execute cmd end: [id: 4055 cmd: echo 233333 err: %!s(<nil>), result : 233333
]
INFO : 2020/09/24 14:52:54.011988 rpcx.go:63: execute cmd end: [id: 4055 cmd: echo 233333 err: %!s(<nil>), result : 233333
]
INFO : 2020/09/24 14:52:55.012243 rpcx.go:63: execute cmd end: [id: 4055 cmd: echo 233333 err: %!s(<nil>), result : 233333
]
INFO : 2020/09/24 14:52:56.011391 rpcx.go:63: execute cmd end: [id: 4055 cmd: echo 233333 err: %!s(<nil>), result : 233333
]
INFO : 2020/09/24 14:52:57.012313 rpcx.go:63: execute cmd end: [id: 4055 cmd: echo 233333 err: %!s(<nil>), result : 233333
]
INFO : 2020/09/24 14:52:58.011906 rpcx.go:63: execute cmd end: [id: 4055 cmd: echo 233333 err: %!s(<nil>), result : 233333
]
INFO : 2020/09/24 14:52:59.011275 rpcx.go:63: execute cmd end: [id: 4055 cmd: echo 233333 err: %!s(<nil>), result : 233333
]
INFO : 2020/09/24 14:53:00.011207 rpcx.go:63: execute cmd end: [id: 4055 cmd: echo 233333 err: %!s(<nil>), result : 233333
]
INFO : 2020/09/24 14:53:01.012846 rpcx.go:63: execute cmd end: [id: 4055 cmd: echo 233333 err: %!s(<nil>), result : 233333
]
INFO : 2020/09/24 14:53:02.012698 rpcx.go:63: execute cmd end: [id: 4055 cmd: echo 233333 err: %!s(<nil>), result : 233333
]
INFO : 2020/09/24 14:53:03.010897 rpcx.go:63: execute cmd end: [id: 4055 cmd: echo 233333 err: %!s(<nil>), result : 233333
]
INFO : 2020/09/24 14:53:04.012313 rpcx.go:63: execute cmd end: [id: 4055 cmd: echo 233333 err: %!s(<nil>), result : 233333
]
INFO : 2020/09/24 14:53:05.012923 rpcx.go:63: execute cmd end: [id: 4055 cmd: echo 233333 err: %!s(<nil>), result : 233333
]
INFO : 2020/09/24 14:53:06.013167 rpcx.go:63: execute cmd end: [id: 4055 cmd: echo 233333 err: %!s(<nil>), result : 233333
]
INFO : 2020/09/24 14:53:07.008272 rpcx.go:63: execute cmd end: [id: 4055 cmd: echo 233333 err: %!s(<nil>), result : 233333
]
INFO : 2020/09/24 14:53:08.010860 rpcx.go:63: execute cmd end: [id: 4055 cmd: echo 233333 err: %!s(<nil>), result : 233333
]
INFO : 2020/09/24 14:53:09.010871 rpcx.go:63: execute cmd end: [id: 4055 cmd: echo 233333 err: %!s(<nil>), result : 233333
]
INFO : 2020/09/24 14:53:10.008304 rpcx.go:63: execute cmd end: [id: 4055 cmd: echo 233333 err: %!s(<nil>), result : 233333
]
INFO : 2020/09/24 14:53:11.010350 rpcx.go:63: execute cmd end: [id: 4055 cmd: echo 233333 err: %!s(<nil>), result : 233333
]
INFO : 2020/09/24 14:53:12.012662 rpcx.go:63: execute cmd end: [id: 4055 cmd: echo 233333 err: %!s(<nil>), result : 233333
]
INFO : 2020/09/24 14:53:13.009964 rpcx.go:63: execute cmd end: [id: 4055 cmd: echo 233333 err: %!s(<nil>), result : 233333
]
INFO : 2020/09/24 14:53:14.009638 rpcx.go:63: execute cmd end: [id: 4055 cmd: echo 233333 err: %!s(<nil>), result : 233333
]
INFO : 2020/09/24 14:53:15.008800 rpcx.go:63: execute cmd end: [id: 4055 cmd: echo 233333 err: %!s(<nil>), result : 233333
]
INFO : 2020/09/24 14:53:16.012470 rpcx.go:63: execute cmd end: [id: 4055 cmd: echo 233333 err: %!s(<nil>), result : 233333
]
INFO : 2020/09/24 14:53:17.013034 rpcx.go:63: execute cmd end: [id: 4055 cmd: echo 233333 err: %!s(<nil>), result : 233333
]
INFO : 2020/09/24 14:53:18.010808 rpcx.go:63: execute cmd end: [id: 4055 cmd: echo 233333 err: %!s(<nil>), result : 233333
]
INFO : 2020/09/24 14:53:19.011281 rpcx.go:63: execute cmd end: [id: 4055 cmd: echo 233333 err: %!s(<nil>), result : 233333
]
INFO : 2020/09/24 14:53:20.021351 rpcx.go:63: execute cmd end: [id: 4055 cmd: echo 233333 err: %!s(<nil>), result : 233333
]
INFO : 2020/09/24 14:53:21.011680 rpcx.go:63: execute cmd end: [id: 4055 cmd: echo 233333 err: %!s(<nil>), result : 233333
]
INFO : 2020/09/24 14:53:22.013366 rpcx.go:63: execute cmd end: [id: 4055 cmd: echo 233333 err: %!s(<nil>), result : 233333
]
INFO : 2020/09/24 14:53:24.014943 rpcx.go:63: execute cmd end: [id: 4055 cmd: echo 233333 err: %!s(<nil>), result : 233333
]
INFO : 2020/09/24 14:53:24.015491 rpcx.go:63: execute cmd end: [id: 4055 cmd: echo 233333 err: %!s(<nil>), result : 233333
]
INFO : 2020/09/24 14:53:25.010392 rpcx.go:63: execute cmd end: [id: 4055 cmd: echo 233333 err: %!s(<nil>), result : 233333
]
INFO : 2020/09/24 14:53:26.008018 rpcx.go:63: execute cmd end: [id: 4055 cmd: echo 233333 err: %!s(<nil>), result : 233333
]
INFO : 2020/09/24 14:53:27.014707 rpcx.go:63: execute cmd end: [id: 4055 cmd: echo 233333 err: %!s(<nil>), result : 233333
]
INFO : 2020/09/24 14:53:28.010350 rpcx.go:63: execute cmd end: [id: 4055 cmd: echo 233333 err: %!s(<nil>), result : 233333
]
INFO : 2020/09/24 14:53:29.008144 rpcx.go:63: execute cmd end: [id: 4055 cmd: echo 233333 err: %!s(<nil>), result : 233333
]
INFO : 2020/09/24 14:53:30.010247 rpcx.go:63: execute cmd end: [id: 4055 cmd: echo 233333 err: %!s(<nil>), result : 233333
]
INFO : 2020/09/24 14:53:31.011792 rpcx.go:63: execute cmd end: [id: 4055 cmd: echo 233333 err: %!s(<nil>), result : 233333
]
INFO : 2020/09/24 14:53:32.013146 rpcx.go:63: execute cmd end: [id: 4055 cmd: echo 233333 err: %!s(<nil>), result : 233333
]
INFO : 2020/09/24 14:53:33.012493 rpcx.go:63: execute cmd end: [id: 4055 cmd: echo 233333 err: %!s(<nil>), result : 233333
]
INFO : 2020/09/24 14:53:34.007422 rpcx.go:63: execute cmd end: [id: 4055 cmd: echo 233333 err: %!s(<nil>), result : 233333
]
INFO : 2020/09/24 14:53:35.008501 rpcx.go:63: execute cmd end: [id: 4055 cmd: echo 233333 err: %!s(<nil>), result : 233333
]
INFO : 2020/09/24 14:53:36.008483 rpcx.go:63: execute cmd end: [id: 4055 cmd: echo 233333 err: %!s(<nil>), result : 233333
]
INFO : 2020/09/24 14:53:37.012238 rpcx.go:63: execute cmd end: [id: 4055 cmd: echo 233333 err: %!s(<nil>), result : 233333
]
INFO : 2020/09/24 14:53:38.011674 rpcx.go:63: execute cmd end: [id: 4055 cmd: echo 233333 err: %!s(<nil>), result : 233333
]
INFO : 2020/09/24 14:53:39.010051 rpcx.go:63: execute cmd end: [id: 4055 cmd: echo 233333 err: %!s(<nil>), result : 233333
]
INFO : 2020/09/24 14:53:40.008771 rpcx.go:63: execute cmd end: [id: 4055 cmd: echo 233333 err: %!s(<nil>), result : 233333
]
INFO : 2020/09/24 14:53:41.010838 rpcx.go:63: execute cmd end: [id: 4055 cmd: echo 233333 err: %!s(<nil>), result : 233333
]
INFO : 2020/09/24 14:53:42.011558 rpcx.go:63: execute cmd end: [id: 4055 cmd: echo 233333 err: %!s(<nil>), result : 233333
]
INFO : 2020/09/24 14:53:43.009941 rpcx.go:63: execute cmd end: [id: 4055 cmd: echo 233333 err: %!s(<nil>), result : 233333
]
INFO : 2020/09/24 14:53:44.012847 rpcx.go:63: execute cmd end: [id: 4055 cmd: echo 233333 err: %!s(<nil>), result : 233333
]
INFO : 2020/09/24 14:53:45.012020 rpcx.go:63: execute cmd end: [id: 4055 cmd: echo 233333 err: %!s(<nil>), result : 233333
]
INFO : 2020/09/24 14:53:46.012077 rpcx.go:63: execute cmd end: [id: 4055 cmd: echo 233333 err: %!s(<nil>), result : 233333
]
INFO : 2020/09/24 14:53:47.011810 rpcx.go:63: execute cmd end: [id: 4055 cmd: echo 233333 err: %!s(<nil>), result : 233333
]
INFO : 2020/09/24 14:53:48.009803 rpcx.go:63: execute cmd end: [id: 4055 cmd: echo 233333 err: %!s(<nil>), result : 233333
]
INFO : 2020/09/24 14:53:49.010532 rpcx.go:63: execute cmd end: [id: 4055 cmd: echo 233333 err: %!s(<nil>), result : 233333
]
INFO : 2020/09/24 14:53:50.009601 rpcx.go:63: execute cmd end: [id: 4055 cmd: echo 233333 err: %!s(<nil>), result : 233333
]
INFO : 2020/09/24 14:53:51.009856 rpcx.go:63: execute cmd end: [id: 4055 cmd: echo 233333 err: %!s(<nil>), result : 233333
]
INFO : 2020/09/24 14:53:52.010772 rpcx.go:63: execute cmd end: [id: 4055 cmd: echo 233333 err: %!s(<nil>), result : 233333
]
INFO : 2020/09/24 14:53:53.011316 rpcx.go:63: execute cmd end: [id: 4055 cmd: echo 233333 err: %!s(<nil>), result : 233333
]
INFO : 2020/09/24 14:53:54.009597 rpcx.go:63: execute cmd end: [id: 4055 cmd: echo 233333 err: %!s(<nil>), result : 233333
]
INFO : 2020/09/24 14:53:55.010282 rpcx.go:63: execute cmd end: [id: 4055 cmd: echo 233333 err: %!s(<nil>), result : 233333
]
INFO : 2020/09/24 14:53:56.011823 rpcx.go:63: execute cmd end: [id: 4055 cmd: echo 233333 err: %!s(<nil>), result : 233333
]
INFO : 2020/09/24 14:53:57.011799 rpcx.go:63: execute cmd end: [id: 4055 cmd: echo 233333 err: %!s(<nil>), result : 233333
]
INFO : 2020/09/24 14:53:58.012384 rpcx.go:63: execute cmd end: [id: 4055 cmd: echo 233333 err: %!s(<nil>), result : 233333
]
INFO : 2020/09/24 14:53:59.012629 rpcx.go:63: execute cmd end: [id: 4055 cmd: echo 233333 err: %!s(<nil>), result : 233333
]
INFO : 2020/09/24 14:54:00.011664 rpcx.go:63: execute cmd end: [id: 4055 cmd: echo 233333 err: %!s(<nil>), result : 233333
]
INFO : 2020/09/24 14:54:01.011985 rpcx.go:63: execute cmd end: [id: 4055 cmd: echo 233333 err: %!s(<nil>), result : 233333
]
INFO : 2020/09/24 14:54:02.012351 rpcx.go:63: execute cmd end: [id: 4055 cmd: echo 233333 err: %!s(<nil>), result : 233333
]
INFO : 2020/09/24 14:54:03.010774 rpcx.go:63: execute cmd end: [id: 4055 cmd: echo 233333 err: %!s(<nil>), result : 233333
]
INFO : 2020/09/24 14:54:04.011532 rpcx.go:63: execute cmd end: [id: 4055 cmd: echo 233333 err: %!s(<nil>), result : 233333
]
INFO : 2020/09/24 14:54:05.010740 rpcx.go:63: execute cmd end: [id: 4055 cmd: echo 233333 err: %!s(<nil>), result : 233333
]
INFO : 2020/09/24 14:54:06.012216 rpcx.go:63: execute cmd end: [id: 4055 cmd: echo 233333 err: %!s(<nil>), result : 233333
]
INFO : 2020/09/24 14:54:07.012524 rpcx.go:63: execute cmd end: [id: 4055 cmd: echo 233333 err: %!s(<nil>), result : 233333
]
INFO : 2020/09/24 14:54:08.012166 rpcx.go:63: execute cmd end: [id: 4055 cmd: echo 233333 err: %!s(<nil>), result : 233333
]
INFO : 2020/09/24 14:54:09.011063 rpcx.go:63: execute cmd end: [id: 4055 cmd: echo 233333 err: %!s(<nil>), result : 233333
]
INFO : 2020/09/24 14:54:10.011953 rpcx.go:63: execute cmd end: [id: 4055 cmd: echo 233333 err: %!s(<nil>), result : 233333
]
INFO : 2020/09/24 14:54:11.010745 rpcx.go:63: execute cmd end: [id: 4055 cmd: echo 233333 err: %!s(<nil>), result : 233333
]
INFO : 2020/09/24 14:54:12.012607 rpcx.go:63: execute cmd end: [id: 4055 cmd: echo 233333 err: %!s(<nil>), result : 233333
]
INFO : 2020/09/24 14:54:13.012045 rpcx.go:63: execute cmd end: [id: 4055 cmd: echo 233333 err: %!s(<nil>), result : 233333
]
INFO : 2020/09/24 14:54:14.012132 rpcx.go:63: execute cmd end: [id: 4055 cmd: echo 233333 err: %!s(<nil>), result : 233333
]
INFO : 2020/09/24 14:54:15.011712 rpcx.go:63: execute cmd end: [id: 4055 cmd: echo 233333 err: %!s(<nil>), result : 233333
]
INFO : 2020/09/24 14:54:16.012817 rpcx.go:63: execute cmd end: [id: 4055 cmd: echo 233333 err: %!s(<nil>), result : 233333
]
INFO : 2020/09/24 14:54:17.011733 rpcx.go:63: execute cmd end: [id: 4055 cmd: echo 233333 err: %!s(<nil>), result : 233333
]
INFO : 2020/09/24 14:54:18.012576 rpcx.go:63: execute cmd end: [id: 4055 cmd: echo 233333 err: %!s(<nil>), result : 233333
]
INFO : 2020/09/24 14:54:19.010399 rpcx.go:63: execute cmd end: [id: 4055 cmd: echo 233333 err: %!s(<nil>), result : 233333
]
INFO : 2020/09/24 14:54:20.013611 rpcx.go:63: execute cmd end: [id: 4055 cmd: echo 233333 err: %!s(<nil>), result : 233333
]
INFO : 2020/09/24 14:54:21.010208 rpcx.go:63: execute cmd end: [id: 4055 cmd: echo 233333 err: %!s(<nil>), result : 233333
]
INFO : 2020/09/24 14:54:22.012567 rpcx.go:63: execute cmd end: [id: 4055 cmd: echo 233333 err: %!s(<nil>), result : 233333
]
INFO : 2020/09/24 14:54:23.011240 rpcx.go:63: execute cmd end: [id: 4055 cmd: echo 233333 err: %!s(<nil>), result : 233333
]
INFO : 2020/09/24 14:54:24.011343 rpcx.go:63: execute cmd end: [id: 4055 cmd: echo 233333 err: %!s(<nil>), result : 233333
]
INFO : 2020/09/24 14:54:25.011010 rpcx.go:63: execute cmd end: [id: 4055 cmd: echo 233333 err: %!s(<nil>), result : 233333
]
INFO : 2020/09/24 14:54:26.010375 rpcx.go:63: execute cmd end: [id: 4055 cmd: echo 233333 err: %!s(<nil>), result : 233333
]
INFO : 2020/09/24 14:54:27.011716 rpcx.go:63: execute cmd end: [id: 4055 cmd: echo 233333 err: %!s(<nil>), result : 233333
]
INFO : 2020/09/24 14:54:28.010654 rpcx.go:63: execute cmd end: [id: 4055 cmd: echo 233333 err: %!s(<nil>), result : 233333
]
INFO : 2020/09/24 14:54:29.013189 rpcx.go:63: execute cmd end: [id: 4055 cmd: echo 233333 err: %!s(<nil>), result : 233333
]
INFO : 2020/09/24 14:54:30.013178 rpcx.go:63: execute cmd end: [id: 4055 cmd: echo 233333 err: %!s(<nil>), result : 233333
]
INFO : 2020/09/24 14:54:31.011738 rpcx.go:63: execute cmd end: [id: 4055 cmd: echo 233333 err: %!s(<nil>), result : 233333
]
INFO : 2020/09/24 14:54:32.012885 rpcx.go:63: execute cmd end: [id: 4055 cmd: echo 233333 err: %!s(<nil>), result : 233333
]
INFO : 2020/09/24 14:54:33.009618 rpcx.go:63: execute cmd end: [id: 4055 cmd: echo 233333 err: %!s(<nil>), result : 233333
]
INFO : 2020/09/24 14:54:34.010629 rpcx.go:63: execute cmd end: [id: 4055 cmd: echo 233333 err: %!s(<nil>), result : 233333
]
INFO : 2020/09/24 14:54:35.011392 rpcx.go:63: execute cmd end: [id: 4055 cmd: echo 233333 err: %!s(<nil>), result : 233333
]
INFO : 2020/09/24 14:54:36.010565 rpcx.go:63: execute cmd end: [id: 4055 cmd: echo 233333 err: %!s(<nil>), result : 233333
]
INFO : 2020/09/24 14:54:37.011563 rpcx.go:63: execute cmd end: [id: 4055 cmd: echo 233333 err: %!s(<nil>), result : 233333
]
INFO : 2020/09/24 14:54:38.011189 rpcx.go:63: execute cmd end: [id: 4055 cmd: echo 233333 err: %!s(<nil>), result : 233333
]
INFO : 2020/09/24 14:54:39.008830 rpcx.go:63: execute cmd end: [id: 4055 cmd: echo 233333 err: %!s(<nil>), result : 233333
]
INFO : 2020/09/24 14:54:40.011582 rpcx.go:63: execute cmd end: [id: 4055 cmd: echo 233333 err: %!s(<nil>), result : 233333
]
INFO : 2020/09/24 14:54:41.012394 rpcx.go:63: execute cmd end: [id: 4055 cmd: echo 233333 err: %!s(<nil>), result : 233333
]
INFO : 2020/09/24 14:54:42.011092 rpcx.go:63: execute cmd end: [id: 4055 cmd: echo 233333 err: %!s(<nil>), result : 233333
]
INFO : 2020/09/24 14:54:43.011084 rpcx.go:63: execute cmd end: [id: 4055 cmd: echo 233333 err: %!s(<nil>), result : 233333
]
INFO : 2020/09/24 14:54:44.013057 rpcx.go:63: execute cmd end: [id: 4055 cmd: echo 233333 err: %!s(<nil>), result : 233333
]
INFO : 2020/09/24 14:54:45.009537 rpcx.go:63: execute cmd end: [id: 4055 cmd: echo 233333 err: %!s(<nil>), result : 233333
]
INFO : 2020/09/24 14:54:46.009567 rpcx.go:63: execute cmd end: [id: 4055 cmd: echo 233333 err: %!s(<nil>), result : 233333
]
INFO : 2020/09/24 14:54:47.011852 rpcx.go:63: execute cmd end: [id: 4055 cmd: echo 233333 err: %!s(<nil>), result : 233333
]
INFO : 2020/09/24 14:54:48.011909 rpcx.go:63: execute cmd end: [id: 4055 cmd: echo 233333 err: %!s(<nil>), result : 233333
]
INFO : 2020/09/24 14:54:49.011625 rpcx.go:63: execute cmd end: [id: 4055 cmd: echo 233333 err: %!s(<nil>), result : 233333
]
INFO : 2020/09/24 14:54:50.008333 rpcx.go:63: execute cmd end: [id: 4055 cmd: echo 233333 err: %!s(<nil>), result : 233333
]
INFO : 2020/09/24 14:54:51.012846 rpcx.go:63: execute cmd end: [id: 4055 cmd: echo 233333 err: %!s(<nil>), result : 233333
]
INFO : 2020/09/24 14:54:52.011890 rpcx.go:63: execute cmd end: [id: 4055 cmd: echo 233333 err: %!s(<nil>), result : 233333
]
INFO : 2020/09/24 14:54:53.009825 rpcx.go:63: execute cmd end: [id: 4055 cmd: echo 233333 err: %!s(<nil>), result : 233333
]
INFO : 2020/09/24 14:54:54.011705 rpcx.go:63: execute cmd end: [id: 4055 cmd: echo 233333 err: %!s(<nil>), result : 233333
]
INFO : 2020/09/24 14:54:55.008673 rpcx.go:63: execute cmd end: [id: 4055 cmd: echo 233333 err: %!s(<nil>), result : 233333
]
INFO : 2020/09/24 14:54:56.012761 rpcx.go:63: execute cmd end: [id: 4055 cmd: echo 233333 err: %!s(<nil>), result : 233333
]
INFO : 2020/09/24 14:54:57.013146 rpcx.go:63: execute cmd end: [id: 4055 cmd: echo 233333 err: %!s(<nil>), result : 233333
]
INFO : 2020/09/24 14:54:58.011205 rpcx.go:63: execute cmd end: [id: 4055 cmd: echo 233333 err: %!s(<nil>), result : 233333
]
INFO : 2020/09/24 14:54:59.012232 rpcx.go:63: execute cmd end: [id: 4055 cmd: echo 233333 err: %!s(<nil>), result : 233333
]
INFO : 2020/09/24 14:55:00.013431 rpcx.go:63: execute cmd end: [id: 4055 cmd: echo 233333 err: %!s(<nil>), result : 233333
]
INFO : 2020/09/24 14:55:01.010263 rpcx.go:63: execute cmd end: [id: 4055 cmd: echo 233333 err: %!s(<nil>), result : 233333
]
INFO : 2020/09/24 14:55:02.010590 rpcx.go:63: execute cmd end: [id: 4055 cmd: echo 233333 err: %!s(<nil>), result : 233333
]
INFO : 2020/09/24 14:55:03.008347 rpcx.go:63: execute cmd end: [id: 4055 cmd: echo 233333 err: %!s(<nil>), result : 233333
]
INFO : 2020/09/24 14:55:04.011669 rpcx.go:63: execute cmd end: [id: 4055 cmd: echo 233333 err: %!s(<nil>), result : 233333
]
INFO : 2020/09/24 14:55:05.010305 rpcx.go:63: execute cmd end: [id: 4055 cmd: echo 233333 err: %!s(<nil>), result : 233333
]
INFO : 2020/09/24 14:55:06.009033 rpcx.go:63: execute cmd end: [id: 4055 cmd: echo 233333 err: %!s(<nil>), result : 233333
]
INFO : 2020/09/24 14:55:07.011932 rpcx.go:63: execute cmd end: [id: 4055 cmd: echo 233333 err: %!s(<nil>), result : 233333
]
INFO : 2020/09/24 14:55:08.010421 rpcx.go:63: execute cmd end: [id: 4055 cmd: echo 233333 err: %!s(<nil>), result : 233333
]
INFO : 2020/09/24 14:55:09.011465 rpcx.go:63: execute cmd end: [id: 4055 cmd: echo 233333 err: %!s(<nil>), result : 233333
]
INFO : 2020/09/24 14:55:10.011400 rpcx.go:63: execute cmd end: [id: 4055 cmd: echo 233333 err: %!s(<nil>), result : 233333
]
INFO : 2020/09/24 14:55:11.012731 rpcx.go:63: execute cmd end: [id: 4055 cmd: echo 233333 err: %!s(<nil>), result : 233333
]
INFO : 2020/09/24 14:55:12.011978 rpcx.go:63: execute cmd end: [id: 4055 cmd: echo 233333 err: %!s(<nil>), result : 233333
]
INFO : 2020/09/24 14:55:13.008136 rpcx.go:63: execute cmd end: [id: 4055 cmd: echo 233333 err: %!s(<nil>), result : 233333
]
INFO : 2020/09/24 14:55:14.009359 rpcx.go:63: execute cmd end: [id: 4055 cmd: echo 233333 err: %!s(<nil>), result : 233333
]
INFO : 2020/09/24 14:55:15.010134 rpcx.go:63: execute cmd end: [id: 4055 cmd: echo 233333 err: %!s(<nil>), result : 233333
]
INFO : 2020/09/24 14:55:16.011373 rpcx.go:63: execute cmd end: [id: 4055 cmd: echo 233333 err: %!s(<nil>), result : 233333
]
INFO : 2020/09/24 14:55:17.011848 rpcx.go:63: execute cmd end: [id: 4055 cmd: echo 233333 err: %!s(<nil>), result : 233333
]
INFO : 2020/09/24 14:55:18.011117 rpcx.go:63: execute cmd end: [id: 4055 cmd: echo 233333 err: %!s(<nil>), result : 233333
]
INFO : 2020/09/24 14:55:19.008484 rpcx.go:63: execute cmd end: [id: 4055 cmd: echo 233333 err: %!s(<nil>), result : 233333
]
INFO : 2020/09/24 14:55:20.009407 rpcx.go:63: execute cmd end: [id: 4055 cmd: echo 233333 err: %!s(<nil>), result : 233333
]
INFO : 2020/09/24 14:55:21.011992 rpcx.go:63: execute cmd end: [id: 4055 cmd: echo 233333 err: %!s(<nil>), result : 233333
]
INFO : 2020/09/24 14:55:22.012102 rpcx.go:63: execute cmd end: [id: 4055 cmd: echo 233333 err: %!s(<nil>), result : 233333
]
INFO : 2020/09/24 14:55:23.010115 rpcx.go:63: execute cmd end: [id: 4055 cmd: echo 233333 err: %!s(<nil>), result : 233333
]
INFO : 2020/09/24 14:55:24.011602 rpcx.go:63: execute cmd end: [id: 4055 cmd: echo 233333 err: %!s(<nil>), result : 233333
]
INFO : 2020/09/24 14:55:25.011980 rpcx.go:63: execute cmd end: [id: 4055 cmd: echo 233333 err: %!s(<nil>), result : 233333
]
INFO : 2020/09/24 14:55:26.012719 rpcx.go:63: execute cmd end: [id: 4055 cmd: echo 233333 err: %!s(<nil>), result : 233333
]
INFO : 2020/09/24 14:55:27.012461 rpcx.go:63: execute cmd end: [id: 4055 cmd: echo 233333 err: %!s(<nil>), result : 233333
]
INFO : 2020/09/24 14:55:28.012239 rpcx.go:63: execute cmd end: [id: 4055 cmd: echo 233333 err: %!s(<nil>), result : 233333
]
INFO : 2020/09/24 14:55:29.011755 rpcx.go:63: execute cmd end: [id: 4055 cmd: echo 233333 err: %!s(<nil>), result : 233333
]
INFO : 2020/09/24 14:55:30.011634 rpcx.go:63: execute cmd end: [id: 4055 cmd: echo 233333 err: %!s(<nil>), result : 233333
]
INFO : 2020/09/24 14:55:31.010246 rpcx.go:63: execute cmd end: [id: 4055 cmd: echo 233333 err: %!s(<nil>), result : 233333
]
INFO : 2020/09/24 14:55:32.007916 rpcx.go:63: execute cmd end: [id: 4055 cmd: echo 233333 err: %!s(<nil>), result : 233333
]
INFO : 2020/09/24 14:55:33.011964 rpcx.go:63: execute cmd end: [id: 4055 cmd: echo 233333 err: %!s(<nil>), result : 233333
]
INFO : 2020/09/24 14:55:34.011381 rpcx.go:63: execute cmd end: [id: 4055 cmd: echo 233333 err: %!s(<nil>), result : 233333
]
INFO : 2020/09/24 14:55:35.011073 rpcx.go:63: execute cmd end: [id: 4055 cmd: echo 233333 err: %!s(<nil>), result : 233333
]
INFO : 2020/09/24 14:55:36.011587 rpcx.go:63: execute cmd end: [id: 4055 cmd: echo 233333 err: %!s(<nil>), result : 233333
]
INFO : 2020/09/24 14:55:37.010682 rpcx.go:63: execute cmd end: [id: 4055 cmd: echo 233333 err: %!s(<nil>), result : 233333
]
INFO : 2020/09/24 14:55:38.011517 rpcx.go:63: execute cmd end: [id: 4055 cmd: echo 233333 err: %!s(<nil>), result : 233333
]
INFO : 2020/09/24 14:55:39.007482 rpcx.go:63: execute cmd end: [id: 4055 cmd: echo 233333 err: %!s(<nil>), result : 233333
]
INFO : 2020/09/24 14:55:40.012265 rpcx.go:63: execute cmd end: [id: 4055 cmd: echo 233333 err: %!s(<nil>), result : 233333
]
INFO : 2020/09/24 14:55:41.007857 rpcx.go:63: execute cmd end: [id: 4055 cmd: echo 233333 err: %!s(<nil>), result : 233333
]
INFO : 2020/09/24 14:55:42.012388 rpcx.go:63: execute cmd end: [id: 4055 cmd: echo 233333 err: %!s(<nil>), result : 233333
]
INFO : 2020/09/24 14:55:43.011813 rpcx.go:63: execute cmd end: [id: 4055 cmd: echo 233333 err: %!s(<nil>), result : 233333
]
INFO : 2020/09/24 14:55:44.011260 rpcx.go:63: execute cmd end: [id: 4055 cmd: echo 233333 err: %!s(<nil>), result : 233333
]
INFO : 2020/09/24 14:55:45.010714 rpcx.go:63: execute cmd end: [id: 4055 cmd: echo 233333 err: %!s(<nil>), result : 233333
]
INFO : 2020/09/24 14:55:46.013362 rpcx.go:63: execute cmd end: [id: 4055 cmd: echo 233333 err: %!s(<nil>), result : 233333
]
INFO : 2020/09/24 14:55:47.012318 rpcx.go:63: execute cmd end: [id: 4055 cmd: echo 233333 err: %!s(<nil>), result : 233333
]
INFO : 2020/09/24 14:55:48.011281 rpcx.go:63: execute cmd end: [id: 4055 cmd: echo 233333 err: %!s(<nil>), result : 233333
]
INFO : 2020/09/24 14:55:49.010020 rpcx.go:63: execute cmd end: [id: 4055 cmd: echo 233333 err: %!s(<nil>), result : 233333
]
INFO : 2020/09/24 14:55:50.010855 rpcx.go:63: execute cmd end: [id: 4055 cmd: echo 233333 err: %!s(<nil>), result : 233333
]
INFO : 2020/09/24 14:55:51.010018 rpcx.go:63: execute cmd end: [id: 4055 cmd: echo 233333 err: %!s(<nil>), result : 233333
]
INFO : 2020/09/24 14:55:52.011508 rpcx.go:63: execute cmd end: [id: 4055 cmd: echo 233333 err: %!s(<nil>), result : 233333
]
INFO : 2020/09/24 14:55:53.011485 rpcx.go:63: execute cmd end: [id: 4055 cmd: echo 233333 err: %!s(<nil>), result : 233333
]
INFO : 2020/09/24 14:55:54.012497 rpcx.go:63: execute cmd end: [id: 4055 cmd: echo 233333 err: %!s(<nil>), result : 233333
]
INFO : 2020/09/24 14:55:55.012355 rpcx.go:63: execute cmd end: [id: 4055 cmd: echo 233333 err: %!s(<nil>), result : 233333
]
INFO : 2020/09/24 14:55:56.012486 rpcx.go:63: execute cmd end: [id: 4055 cmd: echo 233333 err: %!s(<nil>), result : 233333
]
INFO : 2020/09/24 14:55:57.012361 rpcx.go:63: execute cmd end: [id: 4055 cmd: echo 233333 err: %!s(<nil>), result : 233333
]
INFO : 2020/09/24 14:55:58.009868 rpcx.go:63: execute cmd end: [id: 4055 cmd: echo 233333 err: %!s(<nil>), result : 233333
]
INFO : 2020/09/24 14:55:59.012250 rpcx.go:63: execute cmd end: [id: 4055 cmd: echo 233333 err: %!s(<nil>), result : 233333
]
INFO : 2020/09/24 14:56:00.011707 rpcx.go:63: execute cmd end: [id: 4055 cmd: echo 233333 err: %!s(<nil>), result : 233333
]
INFO : 2020/09/24 14:56:01.012476 rpcx.go:63: execute cmd end: [id: 4055 cmd: echo 233333 err: %!s(<nil>), result : 233333
]
INFO : 2020/09/24 14:56:02.012276 rpcx.go:63: execute cmd end: [id: 4055 cmd: echo 233333 err: %!s(<nil>), result : 233333
]
INFO : 2020/09/24 14:56:03.012490 rpcx.go:63: execute cmd end: [id: 4055 cmd: echo 233333 err: %!s(<nil>), result : 233333
]
INFO : 2020/09/24 14:56:04.012102 rpcx.go:63: execute cmd end: [id: 4055 cmd: echo 233333 err: %!s(<nil>), result : 233333
]
INFO : 2020/09/24 14:56:05.012815 rpcx.go:63: execute cmd end: [id: 4055 cmd: echo 233333 err: %!s(<nil>), result : 233333
]
INFO : 2020/09/24 14:56:06.012336 rpcx.go:63: execute cmd end: [id: 4055 cmd: echo 233333 err: %!s(<nil>), result : 233333
]
INFO : 2020/09/24 14:56:07.013065 rpcx.go:63: execute cmd end: [id: 4055 cmd: echo 233333 err: %!s(<nil>), result : 233333
]
INFO : 2020/09/24 14:56:08.011775 rpcx.go:63: execute cmd end: [id: 4055 cmd: echo 233333 err: %!s(<nil>), result : 233333
]
INFO : 2020/09/24 14:56:09.012385 rpcx.go:63: execute cmd end: [id: 4055 cmd: echo 233333 err: %!s(<nil>), result : 233333
]
INFO : 2020/09/24 14:56:10.012840 rpcx.go:63: execute cmd end: [id: 4055 cmd: echo 233333 err: %!s(<nil>), result : 233333
]
INFO : 2020/09/24 14:56:11.010344 rpcx.go:63: execute cmd end: [id: 4055 cmd: echo 233333 err: %!s(<nil>), result : 233333
]
